<?xml version="1.0" encoding="UTF-8"?>
<testng-results skipped="0" failed="0" ignored="0" total="1" passed="1">
  <reporter-output>
  </reporter-output>
  <suite name="Suite" duration-ms="30025" started-at="2019-10-30T19:19:08Z" finished-at="2019-10-30T19:19:38Z">
    <groups>
    </groups>
    <test name="Test" duration-ms="30025" started-at="2019-10-30T19:19:08Z" finished-at="2019-10-30T19:19:38Z">
      <class name="com.exlhealthcare.qa.testcases.GoogleMapsSearch">
        <test-method status="PASS" signature="setUp()[pri:0, instance:com.exlhealthcare.qa.testcases.GoogleMapsSearch@5442a311]" name="setUp" is-config="true" duration-ms="13979" started-at="2019-10-30T19:19:08Z" finished-at="2019-10-30T19:19:22Z">
          <reporter-output>
          </reporter-output>
        </test-method> <!-- setUp -->
        <test-method status="PASS" signature="searchGoogleMaps()[pri:0, instance:com.exlhealthcare.qa.testcases.GoogleMapsSearch@5442a311]" name="searchGoogleMaps" duration-ms="16015" started-at="2019-10-30T19:19:22Z" finished-at="2019-10-30T19:19:38Z">
          <reporter-output>
          </reporter-output>
        </test-method> <!-- searchGoogleMaps -->
      </class> <!-- com.exlhealthcare.qa.testcases.GoogleMapsSearch -->
    </test> <!-- Test -->
  </suite> <!-- Suite -->
</testng-results>
