<?xml version="1.0" encoding="UTF-8"?>
<testng-results skipped="0" failed="0" ignored="0" total="1" passed="1">
  <reporter-output>
  </reporter-output>
  <suite name="Suite" duration-ms="32384" started-at="2019-11-03T09:04:27Z" finished-at="2019-11-03T09:04:59Z">
    <groups>
    </groups>
    <test name="Test" duration-ms="32384" started-at="2019-11-03T09:04:27Z" finished-at="2019-11-03T09:04:59Z">
      <class name="com.exlhealthcare.qa.testcases.GoogleMapsSearch">
        <test-method status="PASS" signature="setUp()[pri:0, instance:com.exlhealthcare.qa.testcases.GoogleMapsSearch@548e7350]" name="setUp" is-config="true" duration-ms="12040" started-at="2019-11-03T09:04:27Z" finished-at="2019-11-03T09:04:39Z">
          <reporter-output>
          </reporter-output>
        </test-method> <!-- setUp -->
        <test-method status="PASS" signature="searchGoogleMaps()[pri:0, instance:com.exlhealthcare.qa.testcases.GoogleMapsSearch@548e7350]" name="searchGoogleMaps" duration-ms="19575" started-at="2019-11-03T09:04:39Z" finished-at="2019-11-03T09:04:58Z">
          <reporter-output>
          </reporter-output>
        </test-method> <!-- searchGoogleMaps -->
        <test-method status="PASS" signature="tearDown()[pri:0, instance:com.exlhealthcare.qa.testcases.GoogleMapsSearch@548e7350]" name="tearDown" is-config="true" duration-ms="738" started-at="2019-11-03T09:04:58Z" finished-at="2019-11-03T09:04:59Z">
          <reporter-output>
          </reporter-output>
        </test-method> <!-- tearDown -->
      </class> <!-- com.exlhealthcare.qa.testcases.GoogleMapsSearch -->
    </test> <!-- Test -->
  </suite> <!-- Suite -->
</testng-results>
